This file contains any messages produced by compilers while
running configure, to aid debugging if configure makes a mistake.

It was created by configure, which was
generated by GNU Autoconf 2.68.  Invocation command line was

  $ ./configure --with-php-config=/usr/bin/php-config

## --------- ##
## Platform. ##
## --------- ##

hostname = cab-laptop
uname -m = x86_64
uname -r = 3.5.0-46-generic
uname -s = Linux
uname -v = #70~precise1-Ubuntu SMP Thu Jan 9 23:55:12 UTC 2014

/usr/bin/uname -p = unknown
/bin/uname -X     = unknown

/bin/arch              = unknown
/usr/bin/arch -k       = unknown
/usr/convex/getsysinfo = unknown
/usr/bin/hostinfo      = unknown
/bin/machine           = unknown
/usr/bin/oslevel       = unknown
/bin/universe          = unknown

PATH: /usr/lib/lightdm/lightdm
PATH: /usr/local/sbin
PATH: /usr/local/bin
PATH: /usr/sbin
PATH: /usr/bin
PATH: /sbin
PATH: /bin
PATH: /usr/games


## ----------- ##
## Core tests. ##
## ----------- ##

configure:2060: checking for grep that handles long lines and -e
configure:2118: result: /bin/grep
configure:2123: checking for egrep
configure:2185: result: /bin/grep -E
configure:2190: checking for a sed that does not truncate output
configure:2254: result: /bin/sed
configure:2388: checking for cc
configure:2404: found /usr/bin/cc
configure:2415: result: cc
configure:2446: checking for C compiler version
configure:2455: cc --version >&5
cc (Ubuntu/Linaro 4.6.3-1ubuntu5) 4.6.3
Copyright (C) 2011 Free Software Foundation, Inc.
This is free software; see the source for copying conditions.  There is NO
warranty; not even for MERCHANTABILITY or FITNESS FOR A PARTICULAR PURPOSE.

configure:2466: $? = 0
configure:2455: cc -v >&5
Using built-in specs.
COLLECT_GCC=cc
COLLECT_LTO_WRAPPER=/usr/lib/gcc/x86_64-linux-gnu/4.6/lto-wrapper
Target: x86_64-linux-gnu
Configured with: ../src/configure -v --with-pkgversion='Ubuntu/Linaro 4.6.3-1ubuntu5' --with-bugurl=file:///usr/share/doc/gcc-4.6/README.Bugs --enable-languages=c,c++,fortran,objc,obj-c++ --prefix=/usr --program-suffix=-4.6 --enable-shared --enable-linker-build-id --with-system-zlib --libexecdir=/usr/lib --without-included-gettext --enable-threads=posix --with-gxx-include-dir=/usr/include/c++/4.6 --libdir=/usr/lib --enable-nls --with-sysroot=/ --enable-clocale=gnu --enable-libstdcxx-debug --enable-libstdcxx-time=yes --enable-gnu-unique-object --enable-plugin --enable-objc-gc --disable-werror --with-arch-32=i686 --with-tune=generic --enable-checking=release --build=x86_64-linux-gnu --host=x86_64-linux-gnu --target=x86_64-linux-gnu
Thread model: posix
gcc version 4.6.3 (Ubuntu/Linaro 4.6.3-1ubuntu5) 
configure:2466: $? = 0
configure:2455: cc -V >&5
cc: error: unrecognized option '-V'
cc: fatal error: no input files
compilation terminated.
configure:2466: $? = 4
configure:2455: cc -qversion >&5
cc: error: unrecognized option '-qversion'
cc: fatal error: no input files
compilation terminated.
configure:2466: $? = 4
configure:2486: checking whether the C compiler works
configure:2508: cc    conftest.c  >&5
configure:2512: $? = 0
configure:2560: result: yes
configure:2563: checking for C compiler default output file name
configure:2565: result: a.out
configure:2571: checking for suffix of executables
configure:2578: cc -o conftest    conftest.c  >&5
configure:2582: $? = 0
configure:2604: result: 
configure:2626: checking whether we are cross compiling
configure:2634: cc -o conftest    conftest.c  >&5
configure:2638: $? = 0
configure:2645: ./conftest
configure:2649: $? = 0
configure:2664: result: no
configure:2669: checking for suffix of object files
configure:2691: cc -c   conftest.c >&5
configure:2695: $? = 0
configure:2716: result: o
configure:2720: checking whether we are using the GNU C compiler
configure:2739: cc -c   conftest.c >&5
configure:2739: $? = 0
configure:2748: result: yes
configure:2757: checking whether cc accepts -g
configure:2777: cc -c -g  conftest.c >&5
configure:2777: $? = 0
configure:2818: result: yes
configure:2835: checking for cc option to accept ISO C89
configure:2899: cc  -c -g -O2  conftest.c >&5
configure:2899: $? = 0
configure:2912: result: none needed
configure:2938: checking how to run the C preprocessor
configure:2969: cc -E  conftest.c
configure:2969: $? = 0
configure:2983: cc -E  conftest.c
conftest.c:9:28: fatal error: ac_nonexistent.h: No such file or directory
compilation terminated.
configure:2983: $? = 1
configure: failed program was:
| /* confdefs.h */
| #define PACKAGE_NAME ""
| #define PACKAGE_TARNAME ""
| #define PACKAGE_VERSION ""
| #define PACKAGE_STRING ""
| #define PACKAGE_BUGREPORT ""
| #define PACKAGE_URL ""
| /* end confdefs.h.  */
| #include <ac_nonexistent.h>
configure:3008: result: cc -E
configure:3028: cc -E  conftest.c
configure:3028: $? = 0
configure:3042: cc -E  conftest.c
conftest.c:9:28: fatal error: ac_nonexistent.h: No such file or directory
compilation terminated.
configure:3042: $? = 1
configure: failed program was:
| /* confdefs.h */
| #define PACKAGE_NAME ""
| #define PACKAGE_TARNAME ""
| #define PACKAGE_VERSION ""
| #define PACKAGE_STRING ""
| #define PACKAGE_BUGREPORT ""
| #define PACKAGE_URL ""
| /* end confdefs.h.  */
| #include <ac_nonexistent.h>
configure:3073: checking for icc
configure:3082: result: no
configure:3096: checking for suncc
configure:3105: result: no
configure:3123: checking whether cc understands -c and -o together
configure:3151: cc -c conftest.c -o conftest2.o >&5
configure:3155: $? = 0
configure:3161: cc -c conftest.c -o conftest2.o >&5
configure:3165: $? = 0
configure:3220: result: yes
configure:3234: checking for system library directory
configure:3249: result: lib
configure:3256: checking if compiler supports -R
configure:3275: cc -o conftest -g -O2   conftest.c -R /usr/lib  >&5
cc: error: unrecognized option '-R'
configure:3275: $? = 1
configure: failed program was:
| /* confdefs.h */
| #define PACKAGE_NAME ""
| #define PACKAGE_TARNAME ""
| #define PACKAGE_VERSION ""
| #define PACKAGE_STRING ""
| #define PACKAGE_BUGREPORT ""
| #define PACKAGE_URL ""
| /* end confdefs.h.  */
| 
| int
| main ()
| {
| 
|   ;
|   return 0;
| }
configure:3285: result: no
configure:3290: checking if compiler supports -Wl,-rpath,
configure:3309: cc -o conftest -g -O2   conftest.c -Wl,-rpath,/usr/lib  >&5
configure:3309: $? = 0
configure:3319: result: yes
configure:3364: checking build system type
configure:3378: result: x86_64-unknown-linux-gnu
configure:3398: checking host system type
configure:3411: result: x86_64-unknown-linux-gnu
configure:3431: checking target system type
configure:3444: result: x86_64-unknown-linux-gnu
configure:3547: checking for PHP prefix
configure:3549: result: /usr
configure:3551: checking for PHP includes
configure:3553: result: -I/usr/include/php5 -I/usr/include/php5/main -I/usr/include/php5/TSRM -I/usr/include/php5/Zend -I/usr/include/php5/ext -I/usr/include/php5/ext/date/lib
configure:3555: checking for PHP extension directory
configure:3557: result: /usr/lib/php5/20090626
configure:3559: checking for PHP installed headers prefix
configure:3561: result: /usr/include/php5
configure:3564: checking if debug is enabled
configure:3590: result: no
configure:3593: checking if zts is enabled
configure:3619: result: no
configure:3693: checking for re2c
configure:3723: result: no
configure:3748: WARNING: You will need re2c 0.13.4 or later if you want to regenerate PHP parsers.
configure:3762: checking for gawk
configure:3779: found /usr/bin/gawk
configure:3790: result: gawk
configure:3836: checking for eigen support
configure:3876: result: yes, shared
configure:3886: checking whether to enable eigen support
configure:3925: result: yes, shared
configure:3936: checking for library containing sin
configure:3967: cc -o conftest -g -O2   conftest.c  >&5
conftest.c:16:6: warning: conflicting types for built-in function 'sin' [enabled by default]
/tmp/ccrIsu7F.o: In function `main':
/home/cab/projet/php/ext/eigen/conftest.c:20: undefined reference to `sin'
collect2: ld returned 1 exit status
configure:3967: $? = 1
configure: failed program was:
| /* confdefs.h */
| #define PACKAGE_NAME ""
| #define PACKAGE_TARNAME ""
| #define PACKAGE_VERSION ""
| #define PACKAGE_STRING ""
| #define PACKAGE_BUGREPORT ""
| #define PACKAGE_URL ""
| /* end confdefs.h.  */
| 
| /* Override any GCC internal prototype to avoid an error.
|    Use char because int might match the return type of a GCC
|    builtin and then its argument prototype would still apply.  */
| #ifdef __cplusplus
| extern "C"
| #endif
| char sin ();
| int
| main ()
| {
| return sin ();
|   ;
|   return 0;
| }
configure:3967: cc -o conftest -g -O2   conftest.c -lm   >&5
conftest.c:16:6: warning: conflicting types for built-in function 'sin' [enabled by default]
configure:3967: $? = 0
configure:3984: result: -lm
configure:3992: checking for library containing cblasdgemm
configure:4023: cc -o conftest -g -O2   conftest.c -lm  >&5
/tmp/ccJccoJV.o: In function `main':
/home/cab/projet/php/ext/eigen/conftest.c:20: undefined reference to `cblasdgemm'
collect2: ld returned 1 exit status
configure:4023: $? = 1
configure: failed program was:
| /* confdefs.h */
| #define PACKAGE_NAME ""
| #define PACKAGE_TARNAME ""
| #define PACKAGE_VERSION ""
| #define PACKAGE_STRING ""
| #define PACKAGE_BUGREPORT ""
| #define PACKAGE_URL ""
| /* end confdefs.h.  */
| 
| /* Override any GCC internal prototype to avoid an error.
|    Use char because int might match the return type of a GCC
|    builtin and then its argument prototype would still apply.  */
| #ifdef __cplusplus
| extern "C"
| #endif
| char cblasdgemm ();
| int
| main ()
| {
| return cblasdgemm ();
|   ;
|   return 0;
| }
configure:4023: cc -o conftest -g -O2   conftest.c -lgslcblas  -lm  >&5
/tmp/ccAGuWzZ.o: In function `main':
/home/cab/projet/php/ext/eigen/conftest.c:20: undefined reference to `cblasdgemm'
collect2: ld returned 1 exit status
configure:4023: $? = 1
configure: failed program was:
| /* confdefs.h */
| #define PACKAGE_NAME ""
| #define PACKAGE_TARNAME ""
| #define PACKAGE_VERSION ""
| #define PACKAGE_STRING ""
| #define PACKAGE_BUGREPORT ""
| #define PACKAGE_URL ""
| /* end confdefs.h.  */
| 
| /* Override any GCC internal prototype to avoid an error.
|    Use char because int might match the return type of a GCC
|    builtin and then its argument prototype would still apply.  */
| #ifdef __cplusplus
| extern "C"
| #endif
| char cblasdgemm ();
| int
| main ()
| {
| return cblasdgemm ();
|   ;
|   return 0;
| }
configure:4040: result: no
configure:4048: checking for library containing gsl_eigen_nonsymmv
configure:4079: cc -o conftest -g -O2   conftest.c -lm  >&5
/tmp/cc1pVaA8.o: In function `main':
/home/cab/projet/php/ext/eigen/conftest.c:20: undefined reference to `gsl_eigen_nonsymmv'
collect2: ld returned 1 exit status
configure:4079: $? = 1
configure: failed program was:
| /* confdefs.h */
| #define PACKAGE_NAME ""
| #define PACKAGE_TARNAME ""
| #define PACKAGE_VERSION ""
| #define PACKAGE_STRING ""
| #define PACKAGE_BUGREPORT ""
| #define PACKAGE_URL ""
| /* end confdefs.h.  */
| 
| /* Override any GCC internal prototype to avoid an error.
|    Use char because int might match the return type of a GCC
|    builtin and then its argument prototype would still apply.  */
| #ifdef __cplusplus
| extern "C"
| #endif
| char gsl_eigen_nonsymmv ();
| int
| main ()
| {
| return gsl_eigen_nonsymmv ();
|   ;
|   return 0;
| }
configure:4079: cc -o conftest -g -O2   conftest.c -lgsl  -lm  >&5
/usr/lib/gcc/x86_64-linux-gnu/4.6/../../../../lib/libgsl.so: undefined reference to `cblas_dasum'
/usr/lib/gcc/x86_64-linux-gnu/4.6/../../../../lib/libgsl.so: undefined reference to `cblas_sger'
/usr/lib/gcc/x86_64-linux-gnu/4.6/../../../../lib/libgsl.so: undefined reference to `cblas_cdotc_sub'
/usr/lib/gcc/x86_64-linux-gnu/4.6/../../../../lib/libgsl.so: undefined reference to `cblas_icamax'
/usr/lib/gcc/x86_64-linux-gnu/4.6/../../../../lib/libgsl.so: undefined reference to `cblas_dsyrk'
/usr/lib/gcc/x86_64-linux-gnu/4.6/../../../../lib/libgsl.so: undefined reference to `cblas_ztrsm'
/usr/lib/gcc/x86_64-linux-gnu/4.6/../../../../lib/libgsl.so: undefined reference to `cblas_ssyrk'
/usr/lib/gcc/x86_64-linux-gnu/4.6/../../../../lib/libgsl.so: undefined reference to `cblas_strmv'
/usr/lib/gcc/x86_64-linux-gnu/4.6/../../../../lib/libgsl.so: undefined reference to `cblas_ctrmv'
/usr/lib/gcc/x86_64-linux-gnu/4.6/../../../../lib/libgsl.so: undefined reference to `cblas_cherk'
/usr/lib/gcc/x86_64-linux-gnu/4.6/../../../../lib/libgsl.so: undefined reference to `cblas_ccopy'
/usr/lib/gcc/x86_64-linux-gnu/4.6/../../../../lib/libgsl.so: undefined reference to `cblas_cswap'
/usr/lib/gcc/x86_64-linux-gnu/4.6/../../../../lib/libgsl.so: undefined reference to `cblas_dsyr2k'
/usr/lib/gcc/x86_64-linux-gnu/4.6/../../../../lib/libgsl.so: undefined reference to `cblas_drot'
/usr/lib/gcc/x86_64-linux-gnu/4.6/../../../../lib/libgsl.so: undefined reference to `cblas_dscal'
/usr/lib/gcc/x86_64-linux-gnu/4.6/../../../../lib/libgsl.so: undefined reference to `cblas_sdsdot'
/usr/lib/gcc/x86_64-linux-gnu/4.6/../../../../lib/libgsl.so: undefined reference to `cblas_zher'
/usr/lib/gcc/x86_64-linux-gnu/4.6/../../../../lib/libgsl.so: undefined reference to `cblas_dgemv'
/usr/lib/gcc/x86_64-linux-gnu/4.6/../../../../lib/libgsl.so: undefined reference to `cblas_cgeru'
/usr/lib/gcc/x86_64-linux-gnu/4.6/../../../../lib/libgsl.so: undefined reference to `cblas_dsyr'
/usr/lib/gcc/x86_64-linux-gnu/4.6/../../../../lib/libgsl.so: undefined reference to `cblas_zher2k'
/usr/lib/gcc/x86_64-linux-gnu/4.6/../../../../lib/libgsl.so: undefined reference to `cblas_saxpy'
/usr/lib/gcc/x86_64-linux-gnu/4.6/../../../../lib/libgsl.so: undefined reference to `cblas_izamax'
/usr/lib/gcc/x86_64-linux-gnu/4.6/../../../../lib/libgsl.so: undefined reference to `cblas_dsdot'
/usr/lib/gcc/x86_64-linux-gnu/4.6/../../../../lib/libgsl.so: undefined reference to `cblas_zgerc'
/usr/lib/gcc/x86_64-linux-gnu/4.6/../../../../lib/libgsl.so: undefined reference to `cblas_dtrmv'
/usr/lib/gcc/x86_64-linux-gnu/4.6/../../../../lib/libgsl.so: undefined reference to `cblas_daxpy'
/usr/lib/gcc/x86_64-linux-gnu/4.6/../../../../lib/libgsl.so: undefined reference to `cblas_cgemm'
/usr/lib/gcc/x86_64-linux-gnu/4.6/../../../../lib/libgsl.so: undefined reference to `cblas_scnrm2'
/usr/lib/gcc/x86_64-linux-gnu/4.6/../../../../lib/libgsl.so: undefined reference to `cblas_ctrsv'
/usr/lib/gcc/x86_64-linux-gnu/4.6/../../../../lib/libgsl.so: undefined reference to `cblas_ssyr2'
/usr/lib/gcc/x86_64-linux-gnu/4.6/../../../../lib/libgsl.so: undefined reference to `cblas_zswap'
/usr/lib/gcc/x86_64-linux-gnu/4.6/../../../../lib/libgsl.so: undefined reference to `cblas_srot'
/usr/lib/gcc/x86_64-linux-gnu/4.6/../../../../lib/libgsl.so: undefined reference to `cblas_srotmg'
/usr/lib/gcc/x86_64-linux-gnu/4.6/../../../../lib/libgsl.so: undefined reference to `cblas_ssyr'
/usr/lib/gcc/x86_64-linux-gnu/4.6/../../../../lib/libgsl.so: undefined reference to `cblas_strsm'
/usr/lib/gcc/x86_64-linux-gnu/4.6/../../../../lib/libgsl.so: undefined reference to `cblas_dsymv'
/usr/lib/gcc/x86_64-linux-gnu/4.6/../../../../lib/libgsl.so: undefined reference to `cblas_zdscal'
/usr/lib/gcc/x86_64-linux-gnu/4.6/../../../../lib/libgsl.so: undefined reference to `cblas_zdotc_sub'
/usr/lib/gcc/x86_64-linux-gnu/4.6/../../../../lib/libgsl.so: undefined reference to `cblas_sgemv'
/usr/lib/gcc/x86_64-linux-gnu/4.6/../../../../lib/libgsl.so: undefined reference to `cblas_dgemm'
/usr/lib/gcc/x86_64-linux-gnu/4.6/../../../../lib/libgsl.so: undefined reference to `cblas_sswap'
/usr/lib/gcc/x86_64-linux-gnu/4.6/../../../../lib/libgsl.so: undefined reference to `cblas_ztrmm'
/usr/lib/gcc/x86_64-linux-gnu/4.6/../../../../lib/libgsl.so: undefined reference to `cblas_ssymv'
/usr/lib/gcc/x86_64-linux-gnu/4.6/../../../../lib/libgsl.so: undefined reference to `cblas_zgeru'
/usr/lib/gcc/x86_64-linux-gnu/4.6/../../../../lib/libgsl.so: undefined reference to `cblas_drotmg'
/usr/lib/gcc/x86_64-linux-gnu/4.6/../../../../lib/libgsl.so: undefined reference to `cblas_zgemm'
/usr/lib/gcc/x86_64-linux-gnu/4.6/../../../../lib/libgsl.so: undefined reference to `cblas_snrm2'
/usr/lib/gcc/x86_64-linux-gnu/4.6/../../../../lib/libgsl.so: undefined reference to `cblas_dtrsv'
/usr/lib/gcc/x86_64-linux-gnu/4.6/../../../../lib/libgsl.so: undefined reference to `cblas_zhemv'
/usr/lib/gcc/x86_64-linux-gnu/4.6/../../../../lib/libgsl.so: undefined reference to `cblas_cher2'
/usr/lib/gcc/x86_64-linux-gnu/4.6/../../../../lib/libgsl.so: undefined reference to `cblas_scasum'
/usr/lib/gcc/x86_64-linux-gnu/4.6/../../../../lib/libgsl.so: undefined reference to `cblas_zher2'
/usr/lib/gcc/x86_64-linux-gnu/4.6/../../../../lib/libgsl.so: undefined reference to `cblas_cdotu_sub'
/usr/lib/gcc/x86_64-linux-gnu/4.6/../../../../lib/libgsl.so: undefined reference to `cblas_csymm'
/usr/lib/gcc/x86_64-linux-gnu/4.6/../../../../lib/libgsl.so: undefined reference to `cblas_csyrk'
/usr/lib/gcc/x86_64-linux-gnu/4.6/../../../../lib/libgsl.so: undefined reference to `cblas_dcopy'
/usr/lib/gcc/x86_64-linux-gnu/4.6/../../../../lib/libgsl.so: undefined reference to `cblas_ctrmm'
/usr/lib/gcc/x86_64-linux-gnu/4.6/../../../../lib/libgsl.so: undefined reference to `cblas_strmm'
/usr/lib/gcc/x86_64-linux-gnu/4.6/../../../../lib/libgsl.so: undefined reference to `cblas_sasum'
/usr/lib/gcc/x86_64-linux-gnu/4.6/../../../../lib/libgsl.so: undefined reference to `cblas_zaxpy'
/usr/lib/gcc/x86_64-linux-gnu/4.6/../../../../lib/libgsl.so: undefined reference to `cblas_dsyr2'
/usr/lib/gcc/x86_64-linux-gnu/4.6/../../../../lib/libgsl.so: undefined reference to `cblas_ztrsv'
/usr/lib/gcc/x86_64-linux-gnu/4.6/../../../../lib/libgsl.so: undefined reference to `cblas_csscal'
/usr/lib/gcc/x86_64-linux-gnu/4.6/../../../../lib/libgsl.so: undefined reference to `cblas_zsymm'
/usr/lib/gcc/x86_64-linux-gnu/4.6/../../../../lib/libgsl.so: undefined reference to `cblas_dznrm2'
/usr/lib/gcc/x86_64-linux-gnu/4.6/../../../../lib/libgsl.so: undefined reference to `cblas_dtrmm'
/usr/lib/gcc/x86_64-linux-gnu/4.6/../../../../lib/libgsl.so: undefined reference to `cblas_cher2k'
/usr/lib/gcc/x86_64-linux-gnu/4.6/../../../../lib/libgsl.so: undefined reference to `cblas_chemv'
/usr/lib/gcc/x86_64-linux-gnu/4.6/../../../../lib/libgsl.so: undefined reference to `cblas_sscal'
/usr/lib/gcc/x86_64-linux-gnu/4.6/../../../../lib/libgsl.so: undefined reference to `cblas_drotg'
/usr/lib/gcc/x86_64-linux-gnu/4.6/../../../../lib/libgsl.so: undefined reference to `cblas_dnrm2'
/usr/lib/gcc/x86_64-linux-gnu/4.6/../../../../lib/libgsl.so: undefined reference to `cblas_drotm'
/usr/lib/gcc/x86_64-linux-gnu/4.6/../../../../lib/libgsl.so: undefined reference to `cblas_zcopy'
/usr/lib/gcc/x86_64-linux-gnu/4.6/../../../../lib/libgsl.so: undefined reference to `cblas_srotg'
/usr/lib/gcc/x86_64-linux-gnu/4.6/../../../../lib/libgsl.so: undefined reference to `cblas_cher'
/usr/lib/gcc/x86_64-linux-gnu/4.6/../../../../lib/libgsl.so: undefined reference to `cblas_dger'
/usr/lib/gcc/x86_64-linux-gnu/4.6/../../../../lib/libgsl.so: undefined reference to `cblas_cgemv'
/usr/lib/gcc/x86_64-linux-gnu/4.6/../../../../lib/libgsl.so: undefined reference to `cblas_srotm'
/usr/lib/gcc/x86_64-linux-gnu/4.6/../../../../lib/libgsl.so: undefined reference to `cblas_dswap'
/usr/lib/gcc/x86_64-linux-gnu/4.6/../../../../lib/libgsl.so: undefined reference to `cblas_ddot'
/usr/lib/gcc/x86_64-linux-gnu/4.6/../../../../lib/libgsl.so: undefined reference to `cblas_zsyr2k'
/usr/lib/gcc/x86_64-linux-gnu/4.6/../../../../lib/libgsl.so: undefined reference to `cblas_dsymm'
/usr/lib/gcc/x86_64-linux-gnu/4.6/../../../../lib/libgsl.so: undefined reference to `cblas_idamax'
/usr/lib/gcc/x86_64-linux-gnu/4.6/../../../../lib/libgsl.so: undefined reference to `cblas_ztrmv'
/usr/lib/gcc/x86_64-linux-gnu/4.6/../../../../lib/libgsl.so: undefined reference to `cblas_sdot'
/usr/lib/gcc/x86_64-linux-gnu/4.6/../../../../lib/libgsl.so: undefined reference to `cblas_zherk'
/usr/lib/gcc/x86_64-linux-gnu/4.6/../../../../lib/libgsl.so: undefined reference to `cblas_ssyr2k'
/usr/lib/gcc/x86_64-linux-gnu/4.6/../../../../lib/libgsl.so: undefined reference to `cblas_ctrsm'
/usr/lib/gcc/x86_64-linux-gnu/4.6/../../../../lib/libgsl.so: undefined reference to `cblas_dzasum'
/usr/lib/gcc/x86_64-linux-gnu/4.6/../../../../lib/libgsl.so: undefined reference to `cblas_strsv'
/usr/lib/gcc/x86_64-linux-gnu/4.6/../../../../lib/libgsl.so: undefined reference to `cblas_scopy'
/usr/lib/gcc/x86_64-linux-gnu/4.6/../../../../lib/libgsl.so: undefined reference to `cblas_caxpy'
/usr/lib/gcc/x86_64-linux-gnu/4.6/../../../../lib/libgsl.so: undefined reference to `cblas_zscal'
/usr/lib/gcc/x86_64-linux-gnu/4.6/../../../../lib/libgsl.so: undefined reference to `cblas_cscal'
/usr/lib/gcc/x86_64-linux-gnu/4.6/../../../../lib/libgsl.so: undefined reference to `cblas_csyr2k'
/usr/lib/gcc/x86_64-linux-gnu/4.6/../../../../lib/libgsl.so: undefined reference to `cblas_ssymm'
/usr/lib/gcc/x86_64-linux-gnu/4.6/../../../../lib/libgsl.so: undefined reference to `cblas_cgerc'
/usr/lib/gcc/x86_64-linux-gnu/4.6/../../../../lib/libgsl.so: undefined reference to `cblas_isamax'
/usr/lib/gcc/x86_64-linux-gnu/4.6/../../../../lib/libgsl.so: undefined reference to `cblas_dtrsm'
/usr/lib/gcc/x86_64-linux-gnu/4.6/../../../../lib/libgsl.so: undefined reference to `cblas_chemm'
/usr/lib/gcc/x86_64-linux-gnu/4.6/../../../../lib/libgsl.so: undefined reference to `cblas_zhemm'
/usr/lib/gcc/x86_64-linux-gnu/4.6/../../../../lib/libgsl.so: undefined reference to `cblas_zgemv'
/usr/lib/gcc/x86_64-linux-gnu/4.6/../../../../lib/libgsl.so: undefined reference to `cblas_zsyrk'
/usr/lib/gcc/x86_64-linux-gnu/4.6/../../../../lib/libgsl.so: undefined reference to `cblas_sgemm'
/usr/lib/gcc/x86_64-linux-gnu/4.6/../../../../lib/libgsl.so: undefined reference to `cblas_zdotu_sub'
collect2: ld returned 1 exit status
configure:4079: $? = 1
configure: failed program was:
| /* confdefs.h */
| #define PACKAGE_NAME ""
| #define PACKAGE_TARNAME ""
| #define PACKAGE_VERSION ""
| #define PACKAGE_STRING ""
| #define PACKAGE_BUGREPORT ""
| #define PACKAGE_URL ""
| /* end confdefs.h.  */
| 
| /* Override any GCC internal prototype to avoid an error.
|    Use char because int might match the return type of a GCC
|    builtin and then its argument prototype would still apply.  */
| #ifdef __cplusplus
| extern "C"
| #endif
| char gsl_eigen_nonsymmv ();
| int
| main ()
| {
| return gsl_eigen_nonsymmv ();
|   ;
|   return 0;
| }
configure:4096: result: no
configure:4104: checking for library containing php_printf
configure:4135: cc -o conftest -g -O2   conftest.c -lm  >&5
/tmp/ccGDB8Dj.o: In function `main':
/home/cab/projet/php/ext/eigen/conftest.c:20: undefined reference to `php_printf'
collect2: ld returned 1 exit status
configure:4135: $? = 1
configure: failed program was:
| /* confdefs.h */
| #define PACKAGE_NAME ""
| #define PACKAGE_TARNAME ""
| #define PACKAGE_VERSION ""
| #define PACKAGE_STRING ""
| #define PACKAGE_BUGREPORT ""
| #define PACKAGE_URL ""
| /* end confdefs.h.  */
| 
| /* Override any GCC internal prototype to avoid an error.
|    Use char because int might match the return type of a GCC
|    builtin and then its argument prototype would still apply.  */
| #ifdef __cplusplus
| extern "C"
| #endif
| char php_printf ();
| int
| main ()
| {
| return php_printf ();
|   ;
|   return 0;
| }
configure:4135: cc -o conftest -g -O2   conftest.c -lphp5  -lm  >&5
/usr/bin/ld: cannot find -lphp5
collect2: ld returned 1 exit status
configure:4135: $? = 1
configure: failed program was:
| /* confdefs.h */
| #define PACKAGE_NAME ""
| #define PACKAGE_TARNAME ""
| #define PACKAGE_VERSION ""
| #define PACKAGE_STRING ""
| #define PACKAGE_BUGREPORT ""
| #define PACKAGE_URL ""
| /* end confdefs.h.  */
| 
| /* Override any GCC internal prototype to avoid an error.
|    Use char because int might match the return type of a GCC
|    builtin and then its argument prototype would still apply.  */
| #ifdef __cplusplus
| extern "C"
| #endif
| char php_printf ();
| int
| main ()
| {
| return php_printf ();
|   ;
|   return 0;
| }
configure:4152: result: no
configure:4160: checking for main in -lm
configure:4179: cc -o conftest -g -O2   conftest.c -lm  -lm  >&5
configure:4179: $? = 0
configure:4188: result: yes
configure:4199: checking for cblas_dgemm in -lgslcblas
configure:4224: cc -o conftest -g -O2   conftest.c -lgslcblas  -lm -lm  >&5
configure:4224: $? = 0
configure:4233: result: yes
configure:4244: checking for gsl_eigen_nonsymmv in -lgsl
configure:4269: cc -o conftest -g -O2   conftest.c -lgsl  -lgslcblas -lm -lm  >&5
configure:4269: $? = 0
configure:4278: result: yes
configure:4289: checking for php_printf in -lphp5
configure:4314: cc -o conftest -g -O2   conftest.c -lphp5  -lgsl -lgslcblas -lm -lm  >&5
/usr/bin/ld: cannot find -lphp5
collect2: ld returned 1 exit status
configure:4314: $? = 1
configure: failed program was:
| /* confdefs.h */
| #define PACKAGE_NAME ""
| #define PACKAGE_TARNAME ""
| #define PACKAGE_VERSION ""
| #define PACKAGE_STRING ""
| #define PACKAGE_BUGREPORT ""
| #define PACKAGE_URL ""
| #define HAVE_LIBM 1
| #define HAVE_LIBGSLCBLAS 1
| #define HAVE_LIBGSL 1
| /* end confdefs.h.  */
| 
| /* Override any GCC internal prototype to avoid an error.
|    Use char because int might match the return type of a GCC
|    builtin and then its argument prototype would still apply.  */
| #ifdef __cplusplus
| extern "C"
| #endif
| char php_printf ();
| int
| main ()
| {
| return php_printf ();
|   ;
|   return 0;
| }
configure:4323: result: no
configure:4431: checking for sin in -lm
configure:4456: cc -o conftest -g -O2   conftest.c -lm  -lgsl -lgslcblas -lm -lm  >&5
conftest.c:19:6: warning: conflicting types for built-in function 'sin' [enabled by default]
configure:4456: $? = 0
configure:4465: result: yes
configure:4835: checking how to print strings
configure:4862: result: printf
configure:4883: checking for a sed that does not truncate output
configure:4947: result: /bin/sed
configure:4965: checking for fgrep
configure:5027: result: /bin/grep -F
configure:5062: checking for ld used by cc
configure:5129: result: /usr/bin/ld
configure:5136: checking if the linker (/usr/bin/ld) is GNU ld
configure:5151: result: yes
configure:5163: checking for BSD- or MS-compatible name lister (nm)
configure:5212: result: /usr/bin/nm -B
configure:5342: checking the name lister (/usr/bin/nm -B) interface
configure:5349: cc -c -g -O2  conftest.c >&5
configure:5352: /usr/bin/nm -B "conftest.o"
configure:5355: output
0000000000000000 B some_variable
configure:5362: result: BSD nm
configure:5365: checking whether ln -s works
configure:5369: result: yes
configure:5377: checking the maximum length of command line arguments
configure:5507: result: 1572864
configure:5524: checking whether the shell understands some XSI constructs
configure:5534: result: yes
configure:5538: checking whether the shell understands "+="
configure:5544: result: yes
configure:5579: checking how to convert x86_64-unknown-linux-gnu file names to x86_64-unknown-linux-gnu format
configure:5619: result: func_convert_file_noop
configure:5626: checking how to convert x86_64-unknown-linux-gnu file names to toolchain format
configure:5646: result: func_convert_file_noop
configure:5653: checking for /usr/bin/ld option to reload object files
configure:5660: result: -r
configure:5734: checking for objdump
configure:5750: found /usr/bin/objdump
configure:5761: result: objdump
configure:5793: checking how to recognize dependent libraries
configure:5995: result: pass_all
configure:6080: checking for dlltool
configure:6110: result: no
configure:6140: checking how to associate runtime and link libraries
configure:6167: result: printf %s\n
configure:6227: checking for ar
configure:6243: found /usr/bin/ar
configure:6254: result: ar
configure:6291: checking for archiver @FILE support
configure:6308: cc -c -g -O2  conftest.c >&5
configure:6308: $? = 0
configure:6311: ar cru libconftest.a @conftest.lst >&5
configure:6314: $? = 0
configure:6319: ar cru libconftest.a @conftest.lst >&5
ar: conftest.o: No such file or directory
configure:6322: $? = 1
configure:6334: result: @
configure:6392: checking for strip
configure:6408: found /usr/bin/strip
configure:6419: result: strip
configure:6491: checking for ranlib
configure:6507: found /usr/bin/ranlib
configure:6518: result: ranlib
configure:6595: checking for gawk
configure:6622: result: gawk
configure:6662: checking command to parse /usr/bin/nm -B output from cc object
configure:6782: cc -c -g -O2  conftest.c >&5
configure:6785: $? = 0
configure:6789: /usr/bin/nm -B conftest.o \| sed -n -e 's/^.*[ ]\([ABCDGIRSTW][ABCDGIRSTW]*\)[ ][ ]*\([_A-Za-z][_A-Za-z0-9]*\)$/\1 \2 \2/p' | sed '/ __gnu_lto/d' \> conftest.nm
configure:6792: $? = 0
configure:6858: cc -o conftest -g -O2  -lgsl -lgslcblas -lm -lm  conftest.c conftstm.o >&5
configure:6861: $? = 0
configure:6899: result: ok
configure:6936: checking for sysroot
configure:6966: result: no
configure:7043: cc -c -g -O2  conftest.c >&5
configure:7046: $? = 0
configure:7222: checking for mt
configure:7238: found /bin/mt
configure:7249: result: mt
configure:7272: checking if mt is a manifest tool
configure:7278: mt '-?'
configure:7286: result: no
configure:7923: checking for ANSI C header files
configure:7943: cc -c -g -O2  conftest.c >&5
configure:7943: $? = 0
configure:8016: cc -o conftest -g -O2  -lgsl -lgslcblas -lm -lm  conftest.c -lgsl -lgslcblas -lm -lm  >&5
configure:8016: $? = 0
configure:8016: ./conftest
configure:8016: $? = 0
configure:8027: result: yes
configure:8040: checking for sys/types.h
configure:8040: cc -c -g -O2  conftest.c >&5
configure:8040: $? = 0
configure:8040: result: yes
configure:8040: checking for sys/stat.h
configure:8040: cc -c -g -O2  conftest.c >&5
configure:8040: $? = 0
configure:8040: result: yes
configure:8040: checking for stdlib.h
configure:8040: cc -c -g -O2  conftest.c >&5
configure:8040: $? = 0
configure:8040: result: yes
configure:8040: checking for string.h
configure:8040: cc -c -g -O2  conftest.c >&5
configure:8040: $? = 0
configure:8040: result: yes
configure:8040: checking for memory.h
configure:8040: cc -c -g -O2  conftest.c >&5
configure:8040: $? = 0
configure:8040: result: yes
configure:8040: checking for strings.h
configure:8040: cc -c -g -O2  conftest.c >&5
configure:8040: $? = 0
configure:8040: result: yes
configure:8040: checking for inttypes.h
configure:8040: cc -c -g -O2  conftest.c >&5
configure:8040: $? = 0
configure:8040: result: yes
configure:8040: checking for stdint.h
configure:8040: cc -c -g -O2  conftest.c >&5
configure:8040: $? = 0
configure:8040: result: yes
configure:8040: checking for unistd.h
configure:8040: cc -c -g -O2  conftest.c >&5
configure:8040: $? = 0
configure:8040: result: yes
configure:8054: checking for dlfcn.h
configure:8054: cc -c -g -O2  conftest.c >&5
configure:8054: $? = 0
configure:8054: result: yes
configure:8260: checking for objdir
configure:8275: result: .libs
configure:8546: checking if cc supports -fno-rtti -fno-exceptions
configure:8564: cc -c -g -O2  -fno-rtti -fno-exceptions conftest.c >&5
cc1: warning: command line option '-fno-rtti' is valid for C++/ObjC++ but not for C [enabled by default]
configure:8568: $? = 0
configure:8581: result: no
configure:8908: checking for cc option to produce PIC
configure:8915: result: -fPIC -DPIC
configure:8923: checking if cc PIC flag -fPIC -DPIC works
configure:8941: cc -c -g -O2  -fPIC -DPIC -DPIC conftest.c >&5
configure:8945: $? = 0
configure:8958: result: yes
configure:8987: checking if cc static flag -static works
configure:9015: result: yes
configure:9030: checking if cc supports -c -o file.o
configure:9051: cc -c -g -O2  -o out/conftest2.o conftest.c >&5
configure:9055: $? = 0
configure:9077: result: yes
configure:9085: checking if cc supports -c -o file.o
configure:9132: result: yes
configure:9165: checking whether the cc linker (/usr/bin/ld -m elf_x86_64) supports shared libraries
configure:10322: result: yes
configure:10359: checking whether -lc should be explicitly linked in
configure:10367: cc -c -g -O2  conftest.c >&5
configure:10370: $? = 0
configure:10385: cc -shared  -fPIC -DPIC conftest.o  -v -Wl,-soname -Wl,conftest -o conftest 2\>\&1 \| /bin/grep  -lc  \>/dev/null 2\>\&1
configure:10388: $? = 0
configure:10402: result: no
configure:10562: checking dynamic linker characteristics
configure:11073: cc -o conftest -g -O2  -lgsl -lgslcblas -lm -lm  -Wl,-rpath -Wl,/foo conftest.c -lgsl -lgslcblas -lm -lm  >&5
configure:11073: $? = 0
configure:11307: result: GNU/Linux ld.so
configure:11414: checking how to hardcode library paths into programs
configure:11439: result: immediate
configure:11979: checking whether stripping libraries is possible
configure:11984: result: yes
configure:12019: checking if libtool supports shared libraries
configure:12021: result: yes
configure:12024: checking whether to build shared libraries
configure:12045: result: yes
configure:12048: checking whether to build static libraries
configure:12052: result: no
configure:12328: creating ./config.status

## ---------------------- ##
## Running config.status. ##
## ---------------------- ##

This file was extended by config.status, which was
generated by GNU Autoconf 2.68.  Invocation command line was

  CONFIG_FILES    = 
  CONFIG_HEADERS  = 
  CONFIG_LINKS    = 
  CONFIG_COMMANDS = 
  $ ./config.status 

on cab-laptop

config.status:901: creating config.h
config.status:991: config.h is unchanged
config.status:1005: executing libtool commands

## ---------------- ##
## Cache variables. ##
## ---------------- ##

ac_cv_build=x86_64-unknown-linux-gnu
ac_cv_c_compiler_gnu=yes
ac_cv_env_CC_set=
ac_cv_env_CC_value=
ac_cv_env_CFLAGS_set=
ac_cv_env_CFLAGS_value=
ac_cv_env_CPPFLAGS_set=
ac_cv_env_CPPFLAGS_value=
ac_cv_env_CPP_set=
ac_cv_env_CPP_value=
ac_cv_env_LDFLAGS_set=
ac_cv_env_LDFLAGS_value=
ac_cv_env_LIBS_set=
ac_cv_env_LIBS_value=
ac_cv_env_build_alias_set=
ac_cv_env_build_alias_value=
ac_cv_env_host_alias_set=
ac_cv_env_host_alias_value=
ac_cv_env_target_alias_set=
ac_cv_env_target_alias_value=
ac_cv_header_dlfcn_h=yes
ac_cv_header_inttypes_h=yes
ac_cv_header_memory_h=yes
ac_cv_header_stdc=yes
ac_cv_header_stdint_h=yes
ac_cv_header_stdlib_h=yes
ac_cv_header_string_h=yes
ac_cv_header_strings_h=yes
ac_cv_header_sys_stat_h=yes
ac_cv_header_sys_types_h=yes
ac_cv_header_unistd_h=yes
ac_cv_host=x86_64-unknown-linux-gnu
ac_cv_lib_gsl_gsl_eigen_nonsymmv=yes
ac_cv_lib_gslcblas_cblas_dgemm=yes
ac_cv_lib_m_main=yes
ac_cv_lib_m_sin=yes
ac_cv_lib_php5_php_printf=no
ac_cv_objext=o
ac_cv_path_EGREP='/bin/grep -E'
ac_cv_path_FGREP='/bin/grep -F'
ac_cv_path_GREP=/bin/grep
ac_cv_path_SED=/bin/sed
ac_cv_prog_AWK=gawk
ac_cv_prog_CPP='cc -E'
ac_cv_prog_ac_ct_AR=ar
ac_cv_prog_ac_ct_CC=cc
ac_cv_prog_ac_ct_MANIFEST_TOOL=mt
ac_cv_prog_ac_ct_OBJDUMP=objdump
ac_cv_prog_ac_ct_RANLIB=ranlib
ac_cv_prog_ac_ct_STRIP=strip
ac_cv_prog_cc_c89=
ac_cv_prog_cc_cc_c_o=yes
ac_cv_prog_cc_g=yes
ac_cv_search_cblasdgemm=no
ac_cv_search_gsl_eigen_nonsymmv=no
ac_cv_search_php_printf=no
ac_cv_search_sin=-lm
ac_cv_target=x86_64-unknown-linux-gnu
lt_cv_ar_at_file=@
lt_cv_archive_cmds_need_lc=no
lt_cv_deplibs_check_method=pass_all
lt_cv_file_magic_cmd='$MAGIC_CMD'
lt_cv_file_magic_test_file=
lt_cv_ld_reload_flag=-r
lt_cv_nm_interface='BSD nm'
lt_cv_objdir=.libs
lt_cv_path_LD=/usr/bin/ld
lt_cv_path_NM='/usr/bin/nm -B'
lt_cv_path_mainfest_tool=no
lt_cv_prog_compiler_c_o=yes
lt_cv_prog_compiler_pic='-fPIC -DPIC'
lt_cv_prog_compiler_pic_works=yes
lt_cv_prog_compiler_rtti_exceptions=no
lt_cv_prog_compiler_static_works=yes
lt_cv_prog_gnu_ld=yes
lt_cv_sharedlib_from_linklib_cmd='printf %s\n'
lt_cv_shlibpath_overrides_runpath=no
lt_cv_sys_global_symbol_pipe='sed -n -e '\''s/^.*[	 ]\([ABCDGIRSTW][ABCDGIRSTW]*\)[	 ][	 ]*\([_A-Za-z][_A-Za-z0-9]*\)$/\1 \2 \2/p'\'' | sed '\''/ __gnu_lto/d'\'''
lt_cv_sys_global_symbol_to_c_name_address='sed -n -e '\''s/^: \([^ ]*\)[ ]*$/  {\"\1\", (void *) 0},/p'\'' -e '\''s/^[ABCDGIRSTW]* \([^ ]*\) \([^ ]*\)$/  {"\2", (void *) \&\2},/p'\'''
lt_cv_sys_global_symbol_to_c_name_address_lib_prefix='sed -n -e '\''s/^: \([^ ]*\)[ ]*$/  {\"\1\", (void *) 0},/p'\'' -e '\''s/^[ABCDGIRSTW]* \([^ ]*\) \(lib[^ ]*\)$/  {"\2", (void *) \&\2},/p'\'' -e '\''s/^[ABCDGIRSTW]* \([^ ]*\) \([^ ]*\)$/  {"lib\2", (void *) \&\2},/p'\'''
lt_cv_sys_global_symbol_to_cdecl='sed -n -e '\''s/^T .* \(.*\)$/extern int \1();/p'\'' -e '\''s/^[ABCDGIRSTW]* .* \(.*\)$/extern char \1;/p'\'''
lt_cv_sys_max_cmd_len=1572864
lt_cv_to_host_file_cmd=func_convert_file_noop
lt_cv_to_tool_file_cmd=func_convert_file_noop
php_cv_cc_dashr=no
php_cv_cc_rpath=yes

## ----------------- ##
## Output variables. ##
## ----------------- ##

AR='ar'
AWK='gawk'
CC='cc'
CFLAGS='-g -O2'
CONFIGURE_COMMAND=' '\''./configure'\''  '\''--with-php-config=/usr/bin/php-config'\'''
CONFIGURE_OPTIONS=' '\''--with-php-config=/usr/bin/php-config'\'''
CPP='cc -E'
CPPFLAGS=' -DHAVE_CONFIG_H'
DEFS='-DHAVE_CONFIG_H'
DLLTOOL='false'
DSYMUTIL=''
DUMPBIN=''
ECHO_C=''
ECHO_N='-n'
ECHO_T=''
EGREP='/bin/grep -E'
EXEEXT=''
FGREP='/bin/grep -F'
GREP='/bin/grep'
LD='/usr/bin/ld -m elf_x86_64'
LDFLAGS='-lgsl -lgslcblas -lm -lm '
LIBOBJS=''
LIBS='-lgsl -lgslcblas -lm -lm '
LIBTOOL='$(SHELL) $(top_builddir)/libtool'
LIPO=''
LN_S='ln -s'
LTLIBOBJS=''
MANIFEST_TOOL=':'
NM='/usr/bin/nm -B'
NMEDIT=''
OBJDUMP='objdump'
OBJEXT='o'
OTOOL64=''
OTOOL=''
PACKAGE_BUGREPORT=''
PACKAGE_NAME=''
PACKAGE_STRING=''
PACKAGE_TARNAME=''
PACKAGE_URL=''
PACKAGE_VERSION=''
PATH_SEPARATOR=':'
RANLIB='ranlib'
RE2C='exit 0;'
SED='/bin/sed'
SHELL='/bin/bash'
SHLIB_DL_SUFFIX_NAME='so'
SHLIB_SUFFIX_NAME='so'
STRIP='strip'
ac_ct_AR='ar'
ac_ct_CC='cc'
ac_ct_DUMPBIN=''
bindir='${exec_prefix}/bin'
build='x86_64-unknown-linux-gnu'
build_alias=''
build_cpu='x86_64'
build_os='linux-gnu'
build_vendor='unknown'
datadir='${datarootdir}'
datarootdir='${prefix}/share'
docdir='${datarootdir}/doc/${PACKAGE}'
dvidir='${docdir}'
exec_prefix='$(prefix)'
host='x86_64-unknown-linux-gnu'
host_alias='x86_64-unknown-linux-gnu'
host_cpu='x86_64'
host_os='linux-gnu'
host_vendor='unknown'
htmldir='${docdir}'
includedir='${prefix}/include'
infodir='${datarootdir}/info'
libdir='${exec_prefix}/lib'
libexecdir='${exec_prefix}/libexec'
localedir='${datarootdir}/locale'
localstatedir='${prefix}/var'
mandir='${datarootdir}/man'
oldincludedir='/usr/include'
pdfdir='${docdir}'
prefix='/usr'
program_transform_name='s,x,x,'
psdir='${docdir}'
sbindir='${exec_prefix}/sbin'
sharedstatedir='${prefix}/com'
sysconfdir='${prefix}/etc'
target='x86_64-unknown-linux-gnu'
target_alias=''
target_cpu='x86_64'
target_os='linux-gnu'
target_vendor='unknown'

## ----------- ##
## confdefs.h. ##
## ----------- ##

/* confdefs.h */
#define PACKAGE_NAME ""
#define PACKAGE_TARNAME ""
#define PACKAGE_VERSION ""
#define PACKAGE_STRING ""
#define PACKAGE_BUGREPORT ""
#define PACKAGE_URL ""
#define HAVE_LIBM 1
#define HAVE_LIBGSLCBLAS 1
#define HAVE_LIBGSL 1
#define COMPILE_DL_EIGEN 1
#define STDC_HEADERS 1
#define HAVE_SYS_TYPES_H 1
#define HAVE_SYS_STAT_H 1
#define HAVE_STDLIB_H 1
#define HAVE_STRING_H 1
#define HAVE_MEMORY_H 1
#define HAVE_STRINGS_H 1
#define HAVE_INTTYPES_H 1
#define HAVE_STDINT_H 1
#define HAVE_UNISTD_H 1
#define HAVE_DLFCN_H 1
#define LT_OBJDIR ".libs/"

configure: exit 0
